{"C:\\Users\\Alan\\Desktop\\React\\estudo-playwright\\backend\\app.js": {"path":"C:\\Users\\Alan\\Desktop\\React\\estudo-playwright\\backend\\app.js","statementMap":{"0":{"start":{"line":1,"column":16},"end":{"line":1,"column":34}},"1":{"start":{"line":2,"column":13},"end":{"line":2,"column":28}},"2":{"start":{"line":3,"column":15},"end":{"line":3,"column":32}},"3":{"start":{"line":4,"column":13},"end":{"line":4,"column":28}},"4":{"start":{"line":5,"column":12},"end":{"line":5,"column":35}},"5":{"start":{"line":6,"column":15},"end":{"line":6,"column":34}},"6":{"start":{"line":8,"column":0},"end":{"line":8,"column":16}},"7":{"start":{"line":10,"column":12},"end":{"line":10,"column":21}},"8":{"start":{"line":11,"column":0},"end":{"line":11,"column":24}},"9":{"start":{"line":13,"column":0},"end":{"line":17,"column":4}},"10":{"start":{"line":20,"column":20},"end":{"line":20,"column":48}},"11":{"start":{"line":21,"column":15},"end":{"line":21,"column":53}},"12":{"start":{"line":23,"column":1},"end":{"line":23,"column":74}},"13":{"start":{"line":23,"column":13},"end":{"line":23,"column":74}},"14":{"start":{"line":25,"column":1},"end":{"line":30,"column":4}},"15":{"start":{"line":26,"column":2},"end":{"line":26,"column":79}},"16":{"start":{"line":26,"column":11},"end":{"line":26,"column":79}},"17":{"start":{"line":28,"column":2},"end":{"line":28,"column":24}},"18":{"start":{"line":29,"column":2},"end":{"line":29,"column":9}},"19":{"start":{"line":33,"column":0},"end":{"line":35,"column":3}},"20":{"start":{"line":34,"column":1},"end":{"line":34,"column":48}},"21":{"start":{"line":38,"column":0},"end":{"line":47,"column":3}},"22":{"start":{"line":39,"column":1},"end":{"line":46,"column":2}},"23":{"start":{"line":40,"column":17},"end":{"line":40,"column":37}},"24":{"start":{"line":41,"column":2},"end":{"line":41,"column":37}},"25":{"start":{"line":42,"column":2},"end":{"line":42,"column":19}},"26":{"start":{"line":43,"column":2},"end":{"line":43,"column":51}},"27":{"start":{"line":45,"column":2},"end":{"line":45,"column":75}},"28":{"start":{"line":50,"column":0},"end":{"line":81,"column":3}},"29":{"start":{"line":51,"column":32},"end":{"line":51,"column":40}},"30":{"start":{"line":53,"column":1},"end":{"line":55,"column":2}},"31":{"start":{"line":54,"column":2},"end":{"line":54,"column":75}},"32":{"start":{"line":57,"column":1},"end":{"line":80,"column":2}},"33":{"start":{"line":58,"column":17},"end":{"line":58,"column":85}},"34":{"start":{"line":60,"column":2},"end":{"line":62,"column":3}},"35":{"start":{"line":61,"column":3},"end":{"line":61,"column":67}},"36":{"start":{"line":64,"column":18},"end":{"line":64,"column":32}},"37":{"start":{"line":65,"column":23},"end":{"line":65,"column":65}},"38":{"start":{"line":67,"column":2},"end":{"line":69,"column":3}},"39":{"start":{"line":68,"column":3},"end":{"line":68,"column":60}},"40":{"start":{"line":71,"column":16},"end":{"line":73,"column":4}},"41":{"start":{"line":76,"column":2},"end":{"line":76,"column":124}},"42":{"start":{"line":78,"column":2},"end":{"line":78,"column":60}},"43":{"start":{"line":79,"column":2},"end":{"line":79,"column":50}},"44":{"start":{"line":83,"column":0},"end":{"line":111,"column":3}},"45":{"start":{"line":84,"column":38},"end":{"line":84,"column":46}},"46":{"start":{"line":86,"column":1},"end":{"line":88,"column":2}},"47":{"start":{"line":87,"column":2},"end":{"line":87,"column":87}},"48":{"start":{"line":90,"column":1},"end":{"line":110,"column":2}},"49":{"start":{"line":92,"column":23},"end":{"line":92,"column":92}},"50":{"start":{"line":93,"column":2},"end":{"line":95,"column":3}},"51":{"start":{"line":94,"column":3},"end":{"line":94,"column":65}},"52":{"start":{"line":98,"column":25},"end":{"line":98,"column":53}},"53":{"start":{"line":101,"column":17},"end":{"line":104,"column":3}},"54":{"start":{"line":106,"column":2},"end":{"line":106,"column":46}},"55":{"start":{"line":108,"column":2},"end":{"line":108,"column":48}},"56":{"start":{"line":109,"column":2},"end":{"line":109,"column":59}},"57":{"start":{"line":113,"column":0},"end":{"line":128,"column":3}},"58":{"start":{"line":114,"column":16},"end":{"line":114,"column":26}},"59":{"start":{"line":116,"column":1},"end":{"line":127,"column":2}},"60":{"start":{"line":117,"column":17},"end":{"line":117,"column":89}},"61":{"start":{"line":119,"column":2},"end":{"line":121,"column":3}},"62":{"start":{"line":120,"column":3},"end":{"line":120,"column":67}},"63":{"start":{"line":123,"column":2},"end":{"line":123,"column":101}},"64":{"start":{"line":125,"column":2},"end":{"line":125,"column":49}},"65":{"start":{"line":126,"column":2},"end":{"line":126,"column":60}},"66":{"start":{"line":130,"column":0},"end":{"line":138,"column":3}},"67":{"start":{"line":131,"column":1},"end":{"line":137,"column":2}},"68":{"start":{"line":132,"column":17},"end":{"line":132,"column":91}},"69":{"start":{"line":133,"column":2},"end":{"line":133,"column":36}},"70":{"start":{"line":135,"column":2},"end":{"line":135,"column":49}},"71":{"start":{"line":136,"column":2},"end":{"line":136,"column":60}},"72":{"start":{"line":140,"column":0},"end":{"line":140,"column":28}}},"fnMap":{"0":{"name":"autenticarToken","decl":{"start":{"line":19,"column":9},"end":{"line":19,"column":24}},"loc":{"start":{"line":19,"column":41},"end":{"line":31,"column":1}},"line":19},"1":{"name":"(anonymous_1)","decl":{"start":{"line":25,"column":43},"end":{"line":25,"column":44}},"loc":{"start":{"line":25,"column":61},"end":{"line":30,"column":2}},"line":25},"2":{"name":"(anonymous_2)","decl":{"start":{"line":33,"column":19},"end":{"line":33,"column":20}},"loc":{"start":{"line":33,"column":33},"end":{"line":35,"column":1}},"line":33},"3":{"name":"(anonymous_3)","decl":{"start":{"line":38,"column":22},"end":{"line":38,"column":23}},"loc":{"start":{"line":38,"column":42},"end":{"line":47,"column":1}},"line":38},"4":{"name":"(anonymous_4)","decl":{"start":{"line":50,"column":20},"end":{"line":50,"column":21}},"loc":{"start":{"line":50,"column":40},"end":{"line":81,"column":1}},"line":50},"5":{"name":"(anonymous_5)","decl":{"start":{"line":83,"column":39},"end":{"line":83,"column":40}},"loc":{"start":{"line":83,"column":59},"end":{"line":111,"column":1}},"line":83},"6":{"name":"(anonymous_6)","decl":{"start":{"line":113,"column":45},"end":{"line":113,"column":46}},"loc":{"start":{"line":113,"column":65},"end":{"line":128,"column":1}},"line":113},"7":{"name":"(anonymous_7)","decl":{"start":{"line":130,"column":38},"end":{"line":130,"column":39}},"loc":{"start":{"line":130,"column":58},"end":{"line":138,"column":1}},"line":130}},"branchMap":{"0":{"loc":{"start":{"line":21,"column":15},"end":{"line":21,"column":53}},"type":"binary-expr","locations":[{"start":{"line":21,"column":15},"end":{"line":21,"column":25}},{"start":{"line":21,"column":29},"end":{"line":21,"column":53}}],"line":21},"1":{"loc":{"start":{"line":23,"column":1},"end":{"line":23,"column":74}},"type":"if","locations":[{"start":{"line":23,"column":1},"end":{"line":23,"column":74}},{"start":{},"end":{}}],"line":23},"2":{"loc":{"start":{"line":26,"column":2},"end":{"line":26,"column":79}},"type":"if","locations":[{"start":{"line":26,"column":2},"end":{"line":26,"column":79}},{"start":{},"end":{}}],"line":26},"3":{"loc":{"start":{"line":53,"column":1},"end":{"line":55,"column":2}},"type":"if","locations":[{"start":{"line":53,"column":1},"end":{"line":55,"column":2}},{"start":{},"end":{}}],"line":53},"4":{"loc":{"start":{"line":53,"column":5},"end":{"line":53,"column":21}},"type":"binary-expr","locations":[{"start":{"line":53,"column":5},"end":{"line":53,"column":11}},{"start":{"line":53,"column":15},"end":{"line":53,"column":21}}],"line":53},"5":{"loc":{"start":{"line":60,"column":2},"end":{"line":62,"column":3}},"type":"if","locations":[{"start":{"line":60,"column":2},"end":{"line":62,"column":3}},{"start":{},"end":{}}],"line":60},"6":{"loc":{"start":{"line":67,"column":2},"end":{"line":69,"column":3}},"type":"if","locations":[{"start":{"line":67,"column":2},"end":{"line":69,"column":3}},{"start":{},"end":{}}],"line":67},"7":{"loc":{"start":{"line":86,"column":1},"end":{"line":88,"column":2}},"type":"if","locations":[{"start":{"line":86,"column":1},"end":{"line":88,"column":2}},{"start":{},"end":{}}],"line":86},"8":{"loc":{"start":{"line":86,"column":5},"end":{"line":86,"column":39}},"type":"binary-expr","locations":[{"start":{"line":86,"column":5},"end":{"line":86,"column":10}},{"start":{"line":86,"column":14},"end":{"line":86,"column":20}},{"start":{"line":86,"column":24},"end":{"line":86,"column":30}},{"start":{"line":86,"column":34},"end":{"line":86,"column":39}}],"line":86},"9":{"loc":{"start":{"line":93,"column":2},"end":{"line":95,"column":3}},"type":"if","locations":[{"start":{"line":93,"column":2},"end":{"line":95,"column":3}},{"start":{},"end":{}}],"line":93},"10":{"loc":{"start":{"line":119,"column":2},"end":{"line":121,"column":3}},"type":"if","locations":[{"start":{"line":119,"column":2},"end":{"line":121,"column":3}},{"start":{},"end":{}}],"line":119}},"s":{"0":1,"1":1,"2":1,"3":1,"4":1,"5":1,"6":1,"7":1,"8":1,"9":1,"10":6,"11":6,"12":6,"13":0,"14":6,"15":6,"16":0,"17":6,"18":6,"19":1,"20":0,"21":1,"22":0,"23":0,"24":0,"25":0,"26":0,"27":0,"28":1,"29":0,"30":0,"31":0,"32":0,"33":0,"34":0,"35":0,"36":0,"37":0,"38":0,"39":0,"40":0,"41":0,"42":0,"43":0,"44":1,"45":3,"46":3,"47":1,"48":2,"49":2,"50":2,"51":1,"52":1,"53":1,"54":1,"55":0,"56":0,"57":1,"58":2,"59":2,"60":2,"61":2,"62":1,"63":1,"64":0,"65":0,"66":1,"67":1,"68":1,"69":1,"70":0,"71":0,"72":1},"f":{"0":6,"1":6,"2":0,"3":0,"4":0,"5":3,"6":2,"7":1},"b":{"0":[6,6],"1":[0,6],"2":[0,6],"3":[0,0],"4":[0,0],"5":[0,0],"6":[0,0],"7":[1,2],"8":[3,2,2,2],"9":[1,1],"10":[1,1]},"_coverageSchema":"1a1c01bbd47fc00a2c39e90264f33305004495a9","hash":"60a4e99f29e5a1a2c2925953800f465c6eb1e49a"}
}
