TN:
SF:app.js
FN:19,autenticarToken
FN:25,(anonymous_1)
FN:33,(anonymous_2)
FN:38,(anonymous_3)
FN:50,(anonymous_4)
FN:83,(anonymous_5)
FN:113,(anonymous_6)
FN:130,(anonymous_7)
FNF:8
FNH:5
FNDA:6,autenticarToken
FNDA:6,(anonymous_1)
FNDA:0,(anonymous_2)
FNDA:0,(anonymous_3)
FNDA:0,(anonymous_4)
FNDA:3,(anonymous_5)
FNDA:2,(anonymous_6)
FNDA:1,(anonymous_7)
DA:1,1
DA:2,1
DA:3,1
DA:4,1
DA:5,1
DA:6,1
DA:8,1
DA:10,1
DA:11,1
DA:13,1
DA:20,6
DA:21,6
DA:23,6
DA:25,6
DA:26,6
DA:28,6
DA:29,6
DA:33,1
DA:34,0
DA:38,1
DA:39,0
DA:40,0
DA:41,0
DA:42,0
DA:43,0
DA:45,0
DA:50,1
DA:51,0
DA:53,0
DA:54,0
DA:57,0
DA:58,0
DA:60,0
DA:61,0
DA:64,0
DA:65,0
DA:67,0
DA:68,0
DA:71,0
DA:76,0
DA:78,0
DA:79,0
DA:83,1
DA:84,3
DA:86,3
DA:87,1
DA:90,2
DA:92,2
DA:93,2
DA:94,1
DA:98,1
DA:101,1
DA:106,1
DA:108,0
DA:109,0
DA:113,1
DA:114,2
DA:116,2
DA:117,2
DA:119,2
DA:120,1
DA:123,1
DA:125,0
DA:126,0
DA:130,1
DA:131,1
DA:132,1
DA:133,1
DA:135,0
DA:136,0
DA:140,1
LF:71
LH:43
BRDA:21,0,0,6
BRDA:21,0,1,6
BRDA:23,1,0,0
BRDA:23,1,1,6
BRDA:26,2,0,0
BRDA:26,2,1,6
BRDA:53,3,0,0
BRDA:53,3,1,0
BRDA:53,4,0,0
BRDA:53,4,1,0
BRDA:60,5,0,0
BRDA:60,5,1,0
BRDA:67,6,0,0
BRDA:67,6,1,0
BRDA:86,7,0,1
BRDA:86,7,1,2
BRDA:86,8,0,3
BRDA:86,8,1,2
BRDA:86,8,2,2
BRDA:86,8,3,2
BRDA:93,9,0,1
BRDA:93,9,1,1
BRDA:119,10,0,1
BRDA:119,10,1,1
BRF:24
BRH:14
end_of_record
